<?xml version="1.0" encoding="UTF-8"?>
<testng-results ignored="0" total="2" passed="2" failed="0" skipped="0">
  <reporter-output>
  </reporter-output>
  <suite started-at="2023-11-08T19:10:00 CET" name="Default suite" finished-at="2023-11-08T19:10:00 CET" duration-ms="35">
    <groups>
    </groups>
    <test started-at="2023-11-08T19:10:00 CET" name="Default test" finished-at="2023-11-08T19:10:00 CET" duration-ms="35">
      <class name="es.upo.cal.MyMathTest">
        <test-method signature="testRestar()[pri:0, instance:es.upo.cal.MyMathTest@1be2019a]" started-at="2023-11-08T19:10:00 CET" name="testRestar" finished-at="2023-11-08T19:10:00 CET" duration-ms="8" status="PASS">
          <reporter-output>
          </reporter-output>
        </test-method> <!-- testRestar -->
        <test-method signature="testSumar()[pri:0, instance:es.upo.cal.MyMathTest@1be2019a]" started-at="2023-11-08T19:10:00 CET" name="testSumar" finished-at="2023-11-08T19:10:00 CET" duration-ms="1" status="PASS">
          <reporter-output>
          </reporter-output>
        </test-method> <!-- testSumar -->
      </class> <!-- es.upo.cal.MyMathTest -->
    </test> <!-- Default test -->
  </suite> <!-- Default suite -->
</testng-results>
